<?xml version="1.0" encoding="UTF-8"?>
<testng-results skipped="0" failed="0" ignored="0" total="1" passed="1">
  <reporter-output>
  </reporter-output>
  <suite name="Default suite" duration-ms="24584" started-at="2019-12-17T04:31:20Z" finished-at="2019-12-17T04:31:44Z">
    <groups>
    </groups>
    <test name="Default test" duration-ms="24584" started-at="2019-12-17T04:31:20Z" finished-at="2019-12-17T04:31:44Z">
      <class name="webstaurantstore.test.AutomationAssignmentTest">
        <test-method status="PASS" signature="testCases()[pri:0, instance:webstaurantstore.test.AutomationAssignmentTest@4c70fda8]" name="testCases" duration-ms="24551" started-at="2019-12-17T04:31:20Z" finished-at="2019-12-17T04:31:44Z">
          <reporter-output>
          </reporter-output>
        </test-method> <!-- testCases -->
      </class> <!-- webstaurantstore.test.AutomationAssignmentTest -->
    </test> <!-- Default test -->
  </suite> <!-- Default suite -->
</testng-results>
